0 info it worked if it ends with ok
1 verbose cli [ '/usr/local/bin/node', '/usr/local/bin/npm', 'shrinkwrap' ]
2 info using npm@2.14.7
3 info using node@v4.2.2
4 verbose stack Error: Problems were encountered
4 verbose stack Please correct and try again.
4 verbose stack extraneous: react-masonry-component@2.0.0 /Users/Dan/Desktop/JS/Sinterest/node_modules/react-masonry-component
4 verbose stack extraneous: react@0.14.3 /Users/Dan/Desktop/JS/Sinterest/node_modules/react
4 verbose stack extraneous: browserify-incremental@3.0.1 /Users/Dan/Desktop/JS/Sinterest/node_modules/browserify-incremental
4 verbose stack extraneous: reactify@1.1.1 /Users/Dan/Desktop/JS/Sinterest/node_modules/reactify
4 verbose stack     at shrinkwrap_ (/usr/local/lib/node_modules/npm/lib/shrinkwrap.js:37:15)
4 verbose stack     at /usr/local/lib/node_modules/npm/lib/shrinkwrap.js:31:5
4 verbose stack     at /usr/local/lib/node_modules/npm/lib/ls.js:47:30
4 verbose stack     at /usr/local/lib/node_modules/npm/node_modules/read-installed/read-installed.js:142:5
4 verbose stack     at /usr/local/lib/node_modules/npm/node_modules/read-installed/read-installed.js:263:14
4 verbose stack     at cb (/usr/local/lib/node_modules/npm/node_modules/slide/lib/async-map.js:47:24)
4 verbose stack     at /usr/local/lib/node_modules/npm/node_modules/read-installed/read-installed.js:263:14
4 verbose stack     at cb (/usr/local/lib/node_modules/npm/node_modules/slide/lib/async-map.js:47:24)
4 verbose stack     at /usr/local/lib/node_modules/npm/node_modules/read-installed/read-installed.js:263:14
4 verbose stack     at cb (/usr/local/lib/node_modules/npm/node_modules/slide/lib/async-map.js:47:24)
5 verbose cwd /Users/Dan/Desktop/JS/Sinterest
6 error Darwin 14.5.0
7 error argv "/usr/local/bin/node" "/usr/local/bin/npm" "shrinkwrap"
8 error node v4.2.2
9 error npm  v2.14.7
10 error Problems were encountered
10 error Please correct and try again.
10 error extraneous: react-masonry-component@2.0.0 /Users/Dan/Desktop/JS/Sinterest/node_modules/react-masonry-component
10 error extraneous: react@0.14.3 /Users/Dan/Desktop/JS/Sinterest/node_modules/react
10 error extraneous: browserify-incremental@3.0.1 /Users/Dan/Desktop/JS/Sinterest/node_modules/browserify-incremental
10 error extraneous: reactify@1.1.1 /Users/Dan/Desktop/JS/Sinterest/node_modules/reactify
11 error If you need help, you may report this error at:
11 error     <https://github.com/npm/npm/issues>
12 verbose exit [ 1, true ]
